<?xml version="1.0" encoding="UTF-8"?>
<testsuite name="TestMaterials" tests="1" skipped="0" failures="0" errors="0" timestamp="2021-08-15T19:27:15" hostname="juatstation" time="0.027">
  <properties/>
  <testcase name="testScatter()" classname="TestMaterials" time="0.027"/>
  <system-out><![CDATA[]]></system-out>
  <system-err><![CDATA[]]></system-err>
</testsuite>
